<?xml version="1.0" encoding="UTF-8"?>
<robot generator="Robot 4.1.3 (Python 3.10.2 on win32)" generated="20220722 23:00:14.344" rpa="false" schemaversion="2">
<suite id="s1" name="Robot Test" source="C:\Users\home\Documents\GitHub\BluePi_RobotTest\Robot_Test.robot">
<test id="s1-t1" name="1. Open To-Do-List Website">
<kw name="Create Webdriver" library="Selenium2Library">
<arg>Chrome</arg>
<arg>executable_path=C:/Users/home/Documents/GitHub/BluePi_RobotTest/chromedriver.exe</arg>
<doc>Creates an instance of Selenium WebDriver.</doc>
<msg timestamp="20220722 23:00:14.572" level="INFO">Creating an instance of the Chrome WebDriver.</msg>
<status status="PASS" starttime="20220722 23:00:14.572" endtime="20220722 23:00:15.796"/>
</kw>
<kw name="Maximize Browser Window" library="Selenium2Library">
<doc>Maximizes current browser window.</doc>
<status status="PASS" starttime="20220722 23:00:15.796" endtime="20220722 23:00:15.924"/>
</kw>
<kw name="Go To" library="Selenium2Library">
<arg>${To_Do_List}</arg>
<doc>Navigates the current browser window to the provided ``url``.</doc>
<msg timestamp="20220722 23:00:15.924" level="INFO">Opening url 'https://abhigyank.github.io/To-Do-List/'</msg>
<status status="PASS" starttime="20220722 23:00:15.924" endtime="20220722 23:00:16.910"/>
</kw>
<status status="PASS" starttime="20220722 23:00:14.571" endtime="20220722 23:00:16.910"/>
</test>
<test id="s1-t2" name="2. Check all tab can be clicked">
<kw name="Sleep" library="BuiltIn">
<arg>2s</arg>
<doc>Pauses the test executed for the given time.</doc>
<msg timestamp="20220722 23:00:18.920" level="INFO">Slept 2 seconds</msg>
<status status="PASS" starttime="20220722 23:00:16.913" endtime="20220722 23:00:18.920"/>
</kw>
<kw name="Wait Until Page Contains" library="Selenium2Library">
<arg>To Do List</arg>
<doc>Waits until ``text`` appears on the current page.</doc>
<status status="PASS" starttime="20220722 23:00:18.921" endtime="20220722 23:00:18.932"/>
</kw>
<kw name="Sleep" library="BuiltIn">
<arg>2s</arg>
<doc>Pauses the test executed for the given time.</doc>
<msg timestamp="20220722 23:00:20.934" level="INFO">Slept 2 seconds</msg>
<status status="PASS" starttime="20220722 23:00:18.932" endtime="20220722 23:00:20.934"/>
</kw>
<kw name="Click Element" library="Selenium2Library">
<arg>${To-Do-Tasks_tab}</arg>
<doc>Click the element identified by ``locator``.</doc>
<msg timestamp="20220722 23:00:20.935" level="INFO">Clicking element '//a[@href="#todo"]'.</msg>
<status status="PASS" starttime="20220722 23:00:20.935" endtime="20220722 23:00:20.975"/>
</kw>
<kw name="Sleep" library="BuiltIn">
<arg>2s</arg>
<doc>Pauses the test executed for the given time.</doc>
<msg timestamp="20220722 23:00:22.979" level="INFO">Slept 2 seconds</msg>
<status status="PASS" starttime="20220722 23:00:20.976" endtime="20220722 23:00:22.979"/>
</kw>
<kw name="Click Element" library="Selenium2Library">
<arg>${Completed_tab}</arg>
<doc>Click the element identified by ``locator``.</doc>
<msg timestamp="20220722 23:00:22.980" level="INFO">Clicking element '//a[@href="#completed"]'.</msg>
<status status="PASS" starttime="20220722 23:00:22.980" endtime="20220722 23:00:23.014"/>
</kw>
<kw name="Sleep" library="BuiltIn">
<arg>2s</arg>
<doc>Pauses the test executed for the given time.</doc>
<msg timestamp="20220722 23:00:25.024" level="INFO">Slept 2 seconds</msg>
<status status="PASS" starttime="20220722 23:00:23.015" endtime="20220722 23:00:25.024"/>
</kw>
<kw name="Click Element" library="Selenium2Library">
<arg>${AddItem_tab}</arg>
<doc>Click the element identified by ``locator``.</doc>
<msg timestamp="20220722 23:00:25.025" level="INFO">Clicking element '//a[@href="#add-item"]'.</msg>
<status status="PASS" starttime="20220722 23:00:25.025" endtime="20220722 23:00:25.058"/>
</kw>
<status status="PASS" starttime="20220722 23:00:16.912" endtime="20220722 23:00:25.059"/>
</test>
<test id="s1-t3" name="3. Add To-Do-List Item">
<kw name="Create List" library="BuiltIn">
<var>@{ITEM_LIST}</var>
<arg>เขียน Test Cases</arg>
<arg>ทานข้าวกลางวัน</arg>
<arg>ประชุมบ่าย</arg>
<arg>เล่นเกม</arg>
<doc>Returns a list containing given items.</doc>
<msg timestamp="20220722 23:00:25.061" level="INFO">@{ITEM_LIST} = [ เขียน Test Cases | ทานข้าวกลางวัน | ประชุมบ่าย | เล่นเกม ]</msg>
<status status="PASS" starttime="20220722 23:00:25.060" endtime="20220722 23:00:25.061"/>
</kw>
<for flavor="IN ENUMERATE">
<var>${INDEX}</var>
<var>${ELEMENT}</var>
<value>@{ITEM_LIST}</value>
<iter>
<var name="${INDEX}">0</var>
<var name="${ELEMENT}">เขียน Test Cases</var>
<kw name="Sleep" library="BuiltIn">
<arg>2s</arg>
<doc>Pauses the test executed for the given time.</doc>
<msg timestamp="20220722 23:00:27.069" level="INFO">Slept 2 seconds</msg>
<status status="PASS" starttime="20220722 23:00:25.061" endtime="20220722 23:00:27.070"/>
</kw>
<kw name="Input Text" library="Selenium2Library">
<arg>${new-task}</arg>
<arg>${ELEMENT}</arg>
<doc>Types the given ``text`` into the text field identified by ``locator``.</doc>
<msg timestamp="20220722 23:00:27.070" level="INFO">Typing text 'เขียน Test Cases' into text field '//input[@id="new-task"]'.</msg>
<status status="PASS" starttime="20220722 23:00:27.070" endtime="20220722 23:00:27.157"/>
</kw>
<kw name="Sleep" library="BuiltIn">
<arg>2s</arg>
<doc>Pauses the test executed for the given time.</doc>
<msg timestamp="20220722 23:00:29.161" level="INFO">Slept 2 seconds</msg>
<status status="PASS" starttime="20220722 23:00:27.157" endtime="20220722 23:00:29.161"/>
</kw>
<kw name="Click Button" library="Selenium2Library">
<arg>${AddItem_button}</arg>
<doc>Clicks the button identified by ``locator``.</doc>
<msg timestamp="20220722 23:00:29.162" level="INFO">Clicking button '//button[@class="mdl-button mdl-js-button mdl-button--fab mdl-button--mini-fab mdl-button--colored"]'.</msg>
<status status="PASS" starttime="20220722 23:00:29.161" endtime="20220722 23:00:29.216"/>
</kw>
<status status="PASS" starttime="20220722 23:00:25.061" endtime="20220722 23:00:29.216"/>
</iter>
<iter>
<var name="${INDEX}">1</var>
<var name="${ELEMENT}">ทานข้าวกลางวัน</var>
<kw name="Sleep" library="BuiltIn">
<arg>2s</arg>
<doc>Pauses the test executed for the given time.</doc>
<msg timestamp="20220722 23:00:31.221" level="INFO">Slept 2 seconds</msg>
<status status="PASS" starttime="20220722 23:00:29.216" endtime="20220722 23:00:31.221"/>
</kw>
<kw name="Input Text" library="Selenium2Library">
<arg>${new-task}</arg>
<arg>${ELEMENT}</arg>
<doc>Types the given ``text`` into the text field identified by ``locator``.</doc>
<msg timestamp="20220722 23:00:31.222" level="INFO">Typing text 'ทานข้าวกลางวัน' into text field '//input[@id="new-task"]'.</msg>
<status status="PASS" starttime="20220722 23:00:31.221" endtime="20220722 23:00:31.278"/>
</kw>
<kw name="Sleep" library="BuiltIn">
<arg>2s</arg>
<doc>Pauses the test executed for the given time.</doc>
<msg timestamp="20220722 23:00:33.281" level="INFO">Slept 2 seconds</msg>
<status status="PASS" starttime="20220722 23:00:31.279" endtime="20220722 23:00:33.281"/>
</kw>
<kw name="Click Button" library="Selenium2Library">
<arg>${AddItem_button}</arg>
<doc>Clicks the button identified by ``locator``.</doc>
<msg timestamp="20220722 23:00:33.282" level="INFO">Clicking button '//button[@class="mdl-button mdl-js-button mdl-button--fab mdl-button--mini-fab mdl-button--colored"]'.</msg>
<status status="PASS" starttime="20220722 23:00:33.281" endtime="20220722 23:00:33.314"/>
</kw>
<status status="PASS" starttime="20220722 23:00:29.216" endtime="20220722 23:00:33.314"/>
</iter>
<iter>
<var name="${INDEX}">2</var>
<var name="${ELEMENT}">ประชุมบ่าย</var>
<kw name="Sleep" library="BuiltIn">
<arg>2s</arg>
<doc>Pauses the test executed for the given time.</doc>
<msg timestamp="20220722 23:00:35.326" level="INFO">Slept 2 seconds</msg>
<status status="PASS" starttime="20220722 23:00:33.314" endtime="20220722 23:00:35.326"/>
</kw>
<kw name="Input Text" library="Selenium2Library">
<arg>${new-task}</arg>
<arg>${ELEMENT}</arg>
<doc>Types the given ``text`` into the text field identified by ``locator``.</doc>
<msg timestamp="20220722 23:00:35.327" level="INFO">Typing text 'ประชุมบ่าย' into text field '//input[@id="new-task"]'.</msg>
<status status="PASS" starttime="20220722 23:00:35.326" endtime="20220722 23:00:35.379"/>
</kw>
<kw name="Sleep" library="BuiltIn">
<arg>2s</arg>
<doc>Pauses the test executed for the given time.</doc>
<msg timestamp="20220722 23:00:37.387" level="INFO">Slept 2 seconds</msg>
<status status="PASS" starttime="20220722 23:00:35.379" endtime="20220722 23:00:37.387"/>
</kw>
<kw name="Click Button" library="Selenium2Library">
<arg>${AddItem_button}</arg>
<doc>Clicks the button identified by ``locator``.</doc>
<msg timestamp="20220722 23:00:37.387" level="INFO">Clicking button '//button[@class="mdl-button mdl-js-button mdl-button--fab mdl-button--mini-fab mdl-button--colored"]'.</msg>
<status status="PASS" starttime="20220722 23:00:37.387" endtime="20220722 23:00:37.421"/>
</kw>
<status status="PASS" starttime="20220722 23:00:33.314" endtime="20220722 23:00:37.421"/>
</iter>
<iter>
<var name="${INDEX}">3</var>
<var name="${ELEMENT}">เล่นเกม</var>
<kw name="Sleep" library="BuiltIn">
<arg>2s</arg>
<doc>Pauses the test executed for the given time.</doc>
<msg timestamp="20220722 23:00:39.432" level="INFO">Slept 2 seconds</msg>
<status status="PASS" starttime="20220722 23:00:37.422" endtime="20220722 23:00:39.432"/>
</kw>
<kw name="Input Text" library="Selenium2Library">
<arg>${new-task}</arg>
<arg>${ELEMENT}</arg>
<doc>Types the given ``text`` into the text field identified by ``locator``.</doc>
<msg timestamp="20220722 23:00:39.432" level="INFO">Typing text 'เล่นเกม' into text field '//input[@id="new-task"]'.</msg>
<status status="PASS" starttime="20220722 23:00:39.432" endtime="20220722 23:00:39.479"/>
</kw>
<kw name="Sleep" library="BuiltIn">
<arg>2s</arg>
<doc>Pauses the test executed for the given time.</doc>
<msg timestamp="20220722 23:00:41.492" level="INFO">Slept 2 seconds</msg>
<status status="PASS" starttime="20220722 23:00:39.479" endtime="20220722 23:00:41.492"/>
</kw>
<kw name="Click Button" library="Selenium2Library">
<arg>${AddItem_button}</arg>
<doc>Clicks the button identified by ``locator``.</doc>
<msg timestamp="20220722 23:00:41.493" level="INFO">Clicking button '//button[@class="mdl-button mdl-js-button mdl-button--fab mdl-button--mini-fab mdl-button--colored"]'.</msg>
<status status="PASS" starttime="20220722 23:00:41.492" endtime="20220722 23:00:41.523"/>
</kw>
<status status="PASS" starttime="20220722 23:00:37.421" endtime="20220722 23:00:41.523"/>
</iter>
<status status="PASS" starttime="20220722 23:00:25.061" endtime="20220722 23:00:41.523"/>
</for>
<status status="PASS" starttime="20220722 23:00:25.060" endtime="20220722 23:00:41.523"/>
</test>
<test id="s1-t4" name="4. Check To-Do-List Item in To-Do Tasks">
<kw name="Sleep" library="BuiltIn">
<arg>2s</arg>
<doc>Pauses the test executed for the given time.</doc>
<msg timestamp="20220722 23:00:43.537" level="INFO">Slept 2 seconds</msg>
<status status="PASS" starttime="20220722 23:00:41.525" endtime="20220722 23:00:43.537"/>
</kw>
<kw name="Click Element" library="Selenium2Library">
<arg>${To-Do-Tasks_tab}</arg>
<doc>Click the element identified by ``locator``.</doc>
<msg timestamp="20220722 23:00:43.539" level="INFO">Clicking element '//a[@href="#todo"]'.</msg>
<status status="PASS" starttime="20220722 23:00:43.538" endtime="20220722 23:00:43.567"/>
</kw>
<status status="PASS" starttime="20220722 23:00:41.524" endtime="20220722 23:00:43.567"/>
</test>
<test id="s1-t5" name="5. Delete Item in To-Do-List Tasks (ทานข้าวกลางวัน)">
<kw name="Sleep" library="BuiltIn">
<arg>2s</arg>
<doc>Pauses the test executed for the given time.</doc>
<msg timestamp="20220722 23:00:45.582" level="INFO">Slept 2 seconds</msg>
<status status="PASS" starttime="20220722 23:00:43.572" endtime="20220722 23:00:45.582"/>
</kw>
<kw name="Click Button" library="Selenium2Library">
<arg>${Delete-eatLunch_button}</arg>
<doc>Clicks the button identified by ``locator``.</doc>
<msg timestamp="20220722 23:00:45.583" level="INFO">Clicking button '//button[@id="2"]'.</msg>
<status status="PASS" starttime="20220722 23:00:45.583" endtime="20220722 23:00:45.628"/>
</kw>
<status status="PASS" starttime="20220722 23:00:43.569" endtime="20220722 23:00:45.629"/>
</test>
<test id="s1-t6" name="6. Click check box in To-Do-List Tasks (เขียน Test Cases &amp; เล่นเกม)">
<kw name="Sleep" library="BuiltIn">
<arg>2s</arg>
<doc>Pauses the test executed for the given time.</doc>
<msg timestamp="20220722 23:00:47.642" level="INFO">Slept 2 seconds</msg>
<status status="PASS" starttime="20220722 23:00:45.631" endtime="20220722 23:00:47.643"/>
</kw>
<kw name="Click Element" library="Selenium2Library">
<arg>${TestCase_checkbox}</arg>
<doc>Click the element identified by ``locator``.</doc>
<msg timestamp="20220722 23:00:47.644" level="INFO">Clicking element '//label[@for="1"]'.</msg>
<status status="PASS" starttime="20220722 23:00:47.643" endtime="20220722 23:00:47.678"/>
</kw>
<kw name="Sleep" library="BuiltIn">
<arg>2s</arg>
<doc>Pauses the test executed for the given time.</doc>
<msg timestamp="20220722 23:00:49.690" level="INFO">Slept 2 seconds</msg>
<status status="PASS" starttime="20220722 23:00:47.679" endtime="20220722 23:00:49.691"/>
</kw>
<kw name="Click Element" library="Selenium2Library">
<arg>${PlayGame_checkbox}</arg>
<doc>Click the element identified by ``locator``.</doc>
<msg timestamp="20220722 23:00:49.691" level="INFO">Clicking element '//label[@for="2"]'.</msg>
<status status="PASS" starttime="20220722 23:00:49.691" endtime="20220722 23:00:49.727"/>
</kw>
<status status="PASS" starttime="20220722 23:00:45.630" endtime="20220722 23:00:49.728"/>
</test>
<test id="s1-t7" name="7. Check To-Do Tasks in Completed">
<kw name="Sleep" library="BuiltIn">
<arg>2s</arg>
<doc>Pauses the test executed for the given time.</doc>
<msg timestamp="20220722 23:00:51.738" level="INFO">Slept 2 seconds</msg>
<status status="PASS" starttime="20220722 23:00:49.731" endtime="20220722 23:00:51.738"/>
</kw>
<kw name="Click Element" library="Selenium2Library">
<arg>${Completed_tab}</arg>
<doc>Click the element identified by ``locator``.</doc>
<msg timestamp="20220722 23:00:51.739" level="INFO">Clicking element '//a[@href="#completed"]'.</msg>
<status status="PASS" starttime="20220722 23:00:51.739" endtime="20220722 23:00:51.776"/>
</kw>
<status status="PASS" starttime="20220722 23:00:49.730" endtime="20220722 23:00:51.776"/>
</test>
<test id="s1-t8" name="8. Delete To-Do Tasks in Completed (เขียน Test Cases)">
<kw name="Sleep" library="BuiltIn">
<arg>2s</arg>
<doc>Pauses the test executed for the given time.</doc>
<msg timestamp="20220722 23:00:53.783" level="INFO">Slept 2 seconds</msg>
<status status="PASS" starttime="20220722 23:00:51.779" endtime="20220722 23:00:53.783"/>
</kw>
<kw name="Click Button" library="Selenium2Library">
<arg>${Delete-TestCase-Completed_tab}</arg>
<doc>Clicks the button identified by ``locator``.</doc>
<msg timestamp="20220722 23:00:53.784" level="INFO">Clicking button '//button[@id="2"]'.</msg>
<status status="PASS" starttime="20220722 23:00:53.784" endtime="20220722 23:00:53.827"/>
</kw>
<status status="PASS" starttime="20220722 23:00:51.778" endtime="20220722 23:00:53.828"/>
</test>
<test id="s1-t9" name="9. Close To-Do-List Website">
<kw name="Sleep" library="BuiltIn">
<arg>2s</arg>
<doc>Pauses the test executed for the given time.</doc>
<msg timestamp="20220722 23:00:55.844" level="INFO">Slept 2 seconds</msg>
<status status="PASS" starttime="20220722 23:00:53.830" endtime="20220722 23:00:55.844"/>
</kw>
<kw name="Close Browser" library="Selenium2Library">
<doc>Closes the current browser.</doc>
<status status="PASS" starttime="20220722 23:00:55.845" endtime="20220722 23:00:57.982"/>
</kw>
<status status="PASS" starttime="20220722 23:00:53.829" endtime="20220722 23:00:57.982"/>
</test>
<status status="PASS" starttime="20220722 23:00:14.345" endtime="20220722 23:00:57.984"/>
</suite>
<statistics>
<total>
<stat pass="9" fail="0" skip="0">All Tests</stat>
</total>
<tag>
</tag>
<suite>
<stat pass="9" fail="0" skip="0" id="s1" name="Robot Test">Robot Test</stat>
</suite>
</statistics>
<errors>
</errors>
</robot>
