<?xml version="1.0" encoding="UTF-8"?>
<robot generator="Robot 4.1.3 (Python 3.10.2 on win32)" generated="20220723 09:13:34.870" rpa="false" schemaversion="2">
<suite id="s1" name="Robot Test" source="C:\Users\home\Documents\GitHub\BluePi_RobotTest\Robot_Test.robot">
<test id="s1-t1" name="1. Open To-Do-List Website">
<kw name="Create Webdriver" library="Selenium2Library">
<arg>Chrome</arg>
<arg>executable_path=C:/Users/home/Documents/GitHub/BluePi_RobotTest/chromedriver.exe</arg>
<doc>Creates an instance of Selenium WebDriver.</doc>
<msg timestamp="20220723 09:13:35.077" level="INFO">Creating an instance of the Chrome WebDriver.</msg>
<status status="PASS" starttime="20220723 09:13:35.076" endtime="20220723 09:13:36.308"/>
</kw>
<kw name="Maximize Browser Window" library="Selenium2Library">
<doc>Maximizes current browser window.</doc>
<status status="PASS" starttime="20220723 09:13:36.308" endtime="20220723 09:13:36.428"/>
</kw>
<kw name="Go To" library="Selenium2Library">
<arg>${To_Do_List}</arg>
<doc>Navigates the current browser window to the provided ``url``.</doc>
<msg timestamp="20220723 09:13:36.429" level="INFO">Opening url 'https://abhigyank.github.io/To-Do-List/'</msg>
<status status="PASS" starttime="20220723 09:13:36.428" endtime="20220723 09:13:36.993"/>
</kw>
<status status="PASS" starttime="20220723 09:13:35.076" endtime="20220723 09:13:36.993"/>
</test>
<test id="s1-t2" name="2. Check all tab can be clicked">
<kw name="Wait Until Page Contains" library="Selenium2Library">
<arg>To Do List</arg>
<doc>Waits until ``text`` appears on the current page.</doc>
<status status="PASS" starttime="20220723 09:13:36.995" endtime="20220723 09:13:37.006"/>
</kw>
<kw name="Sleep" library="BuiltIn">
<arg>1s</arg>
<doc>Pauses the test executed for the given time.</doc>
<msg timestamp="20220723 09:13:38.009" level="INFO">Slept 1 second</msg>
<status status="PASS" starttime="20220723 09:13:37.006" endtime="20220723 09:13:38.009"/>
</kw>
<kw name="Click Element" library="Selenium2Library">
<arg>${To-Do-Tasks_tab}</arg>
<doc>Click the element identified by ``locator``.</doc>
<msg timestamp="20220723 09:13:38.010" level="INFO">Clicking element '//a[@href="#todo"]'.</msg>
<status status="PASS" starttime="20220723 09:13:38.010" endtime="20220723 09:13:38.047"/>
</kw>
<kw name="Sleep" library="BuiltIn">
<arg>1s</arg>
<doc>Pauses the test executed for the given time.</doc>
<msg timestamp="20220723 09:13:39.055" level="INFO">Slept 1 second</msg>
<status status="PASS" starttime="20220723 09:13:38.048" endtime="20220723 09:13:39.055"/>
</kw>
<kw name="Click Element" library="Selenium2Library">
<arg>${Completed_tab}</arg>
<doc>Click the element identified by ``locator``.</doc>
<msg timestamp="20220723 09:13:39.056" level="INFO">Clicking element '//a[@href="#completed"]'.</msg>
<status status="PASS" starttime="20220723 09:13:39.055" endtime="20220723 09:13:39.091"/>
</kw>
<kw name="Sleep" library="BuiltIn">
<arg>1s</arg>
<doc>Pauses the test executed for the given time.</doc>
<msg timestamp="20220723 09:13:40.100" level="INFO">Slept 1 second</msg>
<status status="PASS" starttime="20220723 09:13:39.091" endtime="20220723 09:13:40.101"/>
</kw>
<kw name="Click Element" library="Selenium2Library">
<arg>${AddItem_tab}</arg>
<doc>Click the element identified by ``locator``.</doc>
<msg timestamp="20220723 09:13:40.101" level="INFO">Clicking element '//a[@href="#add-item"]'.</msg>
<status status="PASS" starttime="20220723 09:13:40.101" endtime="20220723 09:13:40.136"/>
</kw>
<status status="PASS" starttime="20220723 09:13:36.995" endtime="20220723 09:13:40.137"/>
</test>
<test id="s1-t3" name="3. Add To-Do-List Item">
<kw name="Create List" library="BuiltIn">
<var>@{ITEM_LIST}</var>
<arg>เขียน Test Cases</arg>
<arg>ทานข้าวกลางวัน</arg>
<arg>ประชุมบ่าย</arg>
<arg>เล่นเกม</arg>
<doc>Returns a list containing given items.</doc>
<msg timestamp="20220723 09:13:40.139" level="INFO">@{ITEM_LIST} = [ เขียน Test Cases | ทานข้าวกลางวัน | ประชุมบ่าย | เล่นเกม ]</msg>
<status status="PASS" starttime="20220723 09:13:40.139" endtime="20220723 09:13:40.139"/>
</kw>
<for flavor="IN ENUMERATE">
<var>${INDEX}</var>
<var>${ELEMENT}</var>
<value>@{ITEM_LIST}</value>
<iter>
<var name="${INDEX}">0</var>
<var name="${ELEMENT}">เขียน Test Cases</var>
<kw name="Sleep" library="BuiltIn">
<arg>1s</arg>
<doc>Pauses the test executed for the given time.</doc>
<msg timestamp="20220723 09:13:41.146" level="INFO">Slept 1 second</msg>
<status status="PASS" starttime="20220723 09:13:40.140" endtime="20220723 09:13:41.146"/>
</kw>
<kw name="Input Text" library="Selenium2Library">
<arg>${new-task}</arg>
<arg>${ELEMENT}</arg>
<doc>Types the given ``text`` into the text field identified by ``locator``.</doc>
<msg timestamp="20220723 09:13:41.146" level="INFO">Typing text 'เขียน Test Cases' into text field '//input[@id="new-task"]'.</msg>
<status status="PASS" starttime="20220723 09:13:41.146" endtime="20220723 09:13:41.225"/>
</kw>
<kw name="Sleep" library="BuiltIn">
<arg>1s</arg>
<doc>Pauses the test executed for the given time.</doc>
<msg timestamp="20220723 09:13:42.238" level="INFO">Slept 1 second</msg>
<status status="PASS" starttime="20220723 09:13:41.225" endtime="20220723 09:13:42.238"/>
</kw>
<kw name="Click Button" library="Selenium2Library">
<arg>${AddItem_button}</arg>
<doc>Clicks the button identified by ``locator``.</doc>
<msg timestamp="20220723 09:13:42.238" level="INFO">Clicking button '//button[@class="mdl-button mdl-js-button mdl-button--fab mdl-button--mini-fab mdl-button--colored"]'.</msg>
<status status="PASS" starttime="20220723 09:13:42.238" endtime="20220723 09:13:42.280"/>
</kw>
<status status="PASS" starttime="20220723 09:13:40.140" endtime="20220723 09:13:42.280"/>
</iter>
<iter>
<var name="${INDEX}">1</var>
<var name="${ELEMENT}">ทานข้าวกลางวัน</var>
<kw name="Sleep" library="BuiltIn">
<arg>1s</arg>
<doc>Pauses the test executed for the given time.</doc>
<msg timestamp="20220723 09:13:43.283" level="INFO">Slept 1 second</msg>
<status status="PASS" starttime="20220723 09:13:42.280" endtime="20220723 09:13:43.283"/>
</kw>
<kw name="Input Text" library="Selenium2Library">
<arg>${new-task}</arg>
<arg>${ELEMENT}</arg>
<doc>Types the given ``text`` into the text field identified by ``locator``.</doc>
<msg timestamp="20220723 09:13:43.284" level="INFO">Typing text 'ทานข้าวกลางวัน' into text field '//input[@id="new-task"]'.</msg>
<status status="PASS" starttime="20220723 09:13:43.284" endtime="20220723 09:13:43.340"/>
</kw>
<kw name="Sleep" library="BuiltIn">
<arg>1s</arg>
<doc>Pauses the test executed for the given time.</doc>
<msg timestamp="20220723 09:13:44.344" level="INFO">Slept 1 second</msg>
<status status="PASS" starttime="20220723 09:13:43.340" endtime="20220723 09:13:44.344"/>
</kw>
<kw name="Click Button" library="Selenium2Library">
<arg>${AddItem_button}</arg>
<doc>Clicks the button identified by ``locator``.</doc>
<msg timestamp="20220723 09:13:44.345" level="INFO">Clicking button '//button[@class="mdl-button mdl-js-button mdl-button--fab mdl-button--mini-fab mdl-button--colored"]'.</msg>
<status status="PASS" starttime="20220723 09:13:44.345" endtime="20220723 09:13:44.376"/>
</kw>
<status status="PASS" starttime="20220723 09:13:42.280" endtime="20220723 09:13:44.376"/>
</iter>
<iter>
<var name="${INDEX}">2</var>
<var name="${ELEMENT}">ประชุมบ่าย</var>
<kw name="Sleep" library="BuiltIn">
<arg>1s</arg>
<doc>Pauses the test executed for the given time.</doc>
<msg timestamp="20220723 09:13:45.390" level="INFO">Slept 1 second</msg>
<status status="PASS" starttime="20220723 09:13:44.376" endtime="20220723 09:13:45.390"/>
</kw>
<kw name="Input Text" library="Selenium2Library">
<arg>${new-task}</arg>
<arg>${ELEMENT}</arg>
<doc>Types the given ``text`` into the text field identified by ``locator``.</doc>
<msg timestamp="20220723 09:13:45.390" level="INFO">Typing text 'ประชุมบ่าย' into text field '//input[@id="new-task"]'.</msg>
<status status="PASS" starttime="20220723 09:13:45.390" endtime="20220723 09:13:45.437"/>
</kw>
<kw name="Sleep" library="BuiltIn">
<arg>1s</arg>
<doc>Pauses the test executed for the given time.</doc>
<msg timestamp="20220723 09:13:46.451" level="INFO">Slept 1 second</msg>
<status status="PASS" starttime="20220723 09:13:45.437" endtime="20220723 09:13:46.451"/>
</kw>
<kw name="Click Button" library="Selenium2Library">
<arg>${AddItem_button}</arg>
<doc>Clicks the button identified by ``locator``.</doc>
<msg timestamp="20220723 09:13:46.451" level="INFO">Clicking button '//button[@class="mdl-button mdl-js-button mdl-button--fab mdl-button--mini-fab mdl-button--colored"]'.</msg>
<status status="PASS" starttime="20220723 09:13:46.451" endtime="20220723 09:13:46.482"/>
</kw>
<status status="PASS" starttime="20220723 09:13:44.376" endtime="20220723 09:13:46.482"/>
</iter>
<iter>
<var name="${INDEX}">3</var>
<var name="${ELEMENT}">เล่นเกม</var>
<kw name="Sleep" library="BuiltIn">
<arg>1s</arg>
<doc>Pauses the test executed for the given time.</doc>
<msg timestamp="20220723 09:13:47.496" level="INFO">Slept 1 second</msg>
<status status="PASS" starttime="20220723 09:13:46.482" endtime="20220723 09:13:47.496"/>
</kw>
<kw name="Input Text" library="Selenium2Library">
<arg>${new-task}</arg>
<arg>${ELEMENT}</arg>
<doc>Types the given ``text`` into the text field identified by ``locator``.</doc>
<msg timestamp="20220723 09:13:47.497" level="INFO">Typing text 'เล่นเกม' into text field '//input[@id="new-task"]'.</msg>
<status status="PASS" starttime="20220723 09:13:47.496" endtime="20220723 09:13:47.543"/>
</kw>
<kw name="Sleep" library="BuiltIn">
<arg>1s</arg>
<doc>Pauses the test executed for the given time.</doc>
<msg timestamp="20220723 09:13:48.558" level="INFO">Slept 1 second</msg>
<status status="PASS" starttime="20220723 09:13:47.544" endtime="20220723 09:13:48.558"/>
</kw>
<kw name="Click Button" library="Selenium2Library">
<arg>${AddItem_button}</arg>
<doc>Clicks the button identified by ``locator``.</doc>
<msg timestamp="20220723 09:13:48.558" level="INFO">Clicking button '//button[@class="mdl-button mdl-js-button mdl-button--fab mdl-button--mini-fab mdl-button--colored"]'.</msg>
<status status="PASS" starttime="20220723 09:13:48.558" endtime="20220723 09:13:48.592"/>
</kw>
<status status="PASS" starttime="20220723 09:13:46.482" endtime="20220723 09:13:48.592"/>
</iter>
<status status="PASS" starttime="20220723 09:13:40.139" endtime="20220723 09:13:48.592"/>
</for>
<status status="PASS" starttime="20220723 09:13:40.138" endtime="20220723 09:13:48.593"/>
</test>
<test id="s1-t4" name="4. Delete Item in To-Do-List Tasks">
<kw name="Sleep" library="BuiltIn">
<arg>1s</arg>
<doc>Pauses the test executed for the given time.</doc>
<msg timestamp="20220723 09:13:49.606" level="INFO">Slept 1 second</msg>
<status status="PASS" starttime="20220723 09:13:48.594" endtime="20220723 09:13:49.606"/>
</kw>
<kw name="Click Element" library="Selenium2Library">
<arg>${To-Do-Tasks_tab}</arg>
<doc>Click the element identified by ``locator``.</doc>
<msg timestamp="20220723 09:13:49.607" level="INFO">Clicking element '//a[@href="#todo"]'.</msg>
<status status="PASS" starttime="20220723 09:13:49.607" endtime="20220723 09:13:49.641"/>
</kw>
<kw name="Sleep" library="BuiltIn">
<arg>1s</arg>
<doc>Pauses the test executed for the given time.</doc>
<msg timestamp="20220723 09:13:50.653" level="INFO">Slept 1 second</msg>
<status status="PASS" starttime="20220723 09:13:49.642" endtime="20220723 09:13:50.654"/>
</kw>
<kw name="Click Button" library="Selenium2Library">
<arg>${Delete-eatLunch_button}</arg>
<doc>Clicks the button identified by ``locator``.</doc>
<msg timestamp="20220723 09:13:50.655" level="INFO">Clicking button '//button[@id="2"]'.</msg>
<status status="PASS" starttime="20220723 09:13:50.654" endtime="20220723 09:13:50.699"/>
</kw>
<status status="PASS" starttime="20220723 09:13:48.594" endtime="20220723 09:13:50.699"/>
</test>
<test id="s1-t5" name="5. Click check box in To-Do-List Tasks">
<kw name="Sleep" library="BuiltIn">
<arg>1s</arg>
<doc>Pauses the test executed for the given time.</doc>
<msg timestamp="20220723 09:13:51.717" level="INFO">Slept 1 second</msg>
<status status="PASS" starttime="20220723 09:13:50.702" endtime="20220723 09:13:51.717"/>
</kw>
<kw name="Click Element" library="Selenium2Library">
<arg>${TestCase_checkbox}</arg>
<doc>Click the element identified by ``locator``.</doc>
<msg timestamp="20220723 09:13:51.718" level="INFO">Clicking element '//label[@for="1"]'.</msg>
<status status="PASS" starttime="20220723 09:13:51.718" endtime="20220723 09:13:51.752"/>
</kw>
<kw name="Sleep" library="BuiltIn">
<arg>1s</arg>
<doc>Pauses the test executed for the given time.</doc>
<msg timestamp="20220723 09:13:52.762" level="INFO">Slept 1 second</msg>
<status status="PASS" starttime="20220723 09:13:51.752" endtime="20220723 09:13:52.762"/>
</kw>
<kw name="Click Element" library="Selenium2Library">
<arg>${PlayGame_checkbox}</arg>
<doc>Click the element identified by ``locator``.</doc>
<msg timestamp="20220723 09:13:52.763" level="INFO">Clicking element '//label[@for="2"]'.</msg>
<status status="PASS" starttime="20220723 09:13:52.763" endtime="20220723 09:13:52.798"/>
</kw>
<status status="PASS" starttime="20220723 09:13:50.701" endtime="20220723 09:13:52.798"/>
</test>
<test id="s1-t6" name="6. Delete To-Do Tasks in Completed">
<kw name="Sleep" library="BuiltIn">
<arg>1s</arg>
<doc>Pauses the test executed for the given time.</doc>
<msg timestamp="20220723 09:13:53.808" level="INFO">Slept 1 second</msg>
<status status="PASS" starttime="20220723 09:13:52.800" endtime="20220723 09:13:53.808"/>
</kw>
<kw name="Click Element" library="Selenium2Library">
<arg>${Completed_tab}</arg>
<doc>Click the element identified by ``locator``.</doc>
<msg timestamp="20220723 09:13:53.809" level="INFO">Clicking element '//a[@href="#completed"]'.</msg>
<status status="PASS" starttime="20220723 09:13:53.808" endtime="20220723 09:13:53.847"/>
</kw>
<kw name="Sleep" library="BuiltIn">
<arg>1s</arg>
<doc>Pauses the test executed for the given time.</doc>
<msg timestamp="20220723 09:13:54.853" level="INFO">Slept 1 second</msg>
<status status="PASS" starttime="20220723 09:13:53.848" endtime="20220723 09:13:54.853"/>
</kw>
<kw name="Click Button" library="Selenium2Library">
<arg>${Delete-TestCase-Completed_tab}</arg>
<doc>Clicks the button identified by ``locator``.</doc>
<msg timestamp="20220723 09:13:54.854" level="INFO">Clicking button '//button[@id="2"]'.</msg>
<status status="PASS" starttime="20220723 09:13:54.854" endtime="20220723 09:13:54.892"/>
</kw>
<kw name="Sleep" library="BuiltIn">
<arg>1s</arg>
<doc>Pauses the test executed for the given time.</doc>
<msg timestamp="20220723 09:13:55.900" level="INFO">Slept 1 second</msg>
<status status="PASS" starttime="20220723 09:13:54.892" endtime="20220723 09:13:55.900"/>
</kw>
<kw name="Close Browser" library="Selenium2Library">
<doc>Closes the current browser.</doc>
<status status="PASS" starttime="20220723 09:13:55.901" endtime="20220723 09:13:58.010"/>
</kw>
<status status="PASS" starttime="20220723 09:13:52.800" endtime="20220723 09:13:58.011"/>
</test>
<status status="PASS" starttime="20220723 09:13:34.872" endtime="20220723 09:13:58.012"/>
</suite>
<statistics>
<total>
<stat pass="6" fail="0" skip="0">All Tests</stat>
</total>
<tag>
</tag>
<suite>
<stat pass="6" fail="0" skip="0" id="s1" name="Robot Test">Robot Test</stat>
</suite>
</statistics>
<errors>
</errors>
</robot>
