<?xml version="1.0" encoding="UTF-8"?>
<robot generator="Robot 4.1.3 (Python 3.10.2 on win32)" generated="20220722 00:09:41.195" rpa="false" schemaversion="2">
<suite id="s1" name="Robot Test" source="C:\Users\home\Documents\GitHub\BluePi_RobotTest\Robot_Test.robot">
<test id="s1-t1" name="1. Open To-Do-List Website">
<kw name="Create Webdriver" library="Selenium2Library">
<arg>Chrome</arg>
<arg>executable_path=C:/Users/home/Documents/GitHub/BluePi_RobotTest/chromedriver.exe</arg>
<doc>Creates an instance of Selenium WebDriver.</doc>
<msg timestamp="20220722 00:09:41.414" level="INFO">Creating an instance of the Chrome WebDriver.</msg>
<status status="PASS" starttime="20220722 00:09:41.413" endtime="20220722 00:09:42.667"/>
</kw>
<kw name="Maximize Browser Window" library="Selenium2Library">
<doc>Maximizes current browser window.</doc>
<status status="PASS" starttime="20220722 00:09:42.668" endtime="20220722 00:09:42.796"/>
</kw>
<kw name="Go To" library="Selenium2Library">
<arg>${To_Do_List}</arg>
<doc>Navigates the current browser window to the provided ``url``.</doc>
<msg timestamp="20220722 00:09:42.797" level="INFO">Opening url 'https://abhigyank.github.io/To-Do-List/'</msg>
<status status="PASS" starttime="20220722 00:09:42.797" endtime="20220722 00:09:43.353"/>
</kw>
<status status="PASS" starttime="20220722 00:09:41.413" endtime="20220722 00:09:43.353"/>
</test>
<test id="s1-t2" name="2. Check all tab can be clicked">
<kw name="Sleep" library="BuiltIn">
<arg>2s</arg>
<doc>Pauses the test executed for the given time.</doc>
<msg timestamp="20220722 00:09:45.364" level="INFO">Slept 2 seconds</msg>
<status status="PASS" starttime="20220722 00:09:43.355" endtime="20220722 00:09:45.364"/>
</kw>
<kw name="Click Element" library="Selenium2Library">
<arg>${To-Do-Tasks_tab}</arg>
<doc>Click the element identified by ``locator``.</doc>
<msg timestamp="20220722 00:09:45.365" level="INFO">Clicking element '//a[@href="#todo"]'.</msg>
<status status="PASS" starttime="20220722 00:09:45.364" endtime="20220722 00:09:45.404"/>
</kw>
<kw name="Sleep" library="BuiltIn">
<arg>2s</arg>
<doc>Pauses the test executed for the given time.</doc>
<msg timestamp="20220722 00:09:47.409" level="INFO">Slept 2 seconds</msg>
<status status="PASS" starttime="20220722 00:09:45.404" endtime="20220722 00:09:47.409"/>
</kw>
<kw name="Click Element" library="Selenium2Library">
<arg>${Completed_tab}</arg>
<doc>Click the element identified by ``locator``.</doc>
<msg timestamp="20220722 00:09:47.410" level="INFO">Clicking element '//a[@href="#completed"]'.</msg>
<status status="PASS" starttime="20220722 00:09:47.410" endtime="20220722 00:09:47.444"/>
</kw>
<kw name="Sleep" library="BuiltIn">
<arg>2s</arg>
<doc>Pauses the test executed for the given time.</doc>
<msg timestamp="20220722 00:09:49.453" level="INFO">Slept 2 seconds</msg>
<status status="PASS" starttime="20220722 00:09:47.445" endtime="20220722 00:09:49.453"/>
</kw>
<kw name="Click Element" library="Selenium2Library">
<arg>${AddItem_tab}</arg>
<doc>Click the element identified by ``locator``.</doc>
<msg timestamp="20220722 00:09:49.454" level="INFO">Clicking element '//a[@href="#add-item"]'.</msg>
<status status="PASS" starttime="20220722 00:09:49.454" endtime="20220722 00:09:49.489"/>
</kw>
<status status="PASS" starttime="20220722 00:09:43.355" endtime="20220722 00:09:49.490"/>
</test>
<test id="s1-t3" name="3. Add To-Do-List Item">
<kw name="Create List" library="BuiltIn">
<var>@{ITEM_LIST}</var>
<arg>เขียน Test Cases</arg>
<arg>ทานข้าวกลางวัน</arg>
<arg>ประชุมบ่าย</arg>
<arg>เล่นเกม</arg>
<doc>Returns a list containing given items.</doc>
<msg timestamp="20220722 00:09:49.493" level="INFO">@{ITEM_LIST} = [ เขียน Test Cases | ทานข้าวกลางวัน | ประชุมบ่าย | เล่นเกม ]</msg>
<status status="PASS" starttime="20220722 00:09:49.492" endtime="20220722 00:09:49.493"/>
</kw>
<for flavor="IN ENUMERATE">
<var>${INDEX}</var>
<var>${ELEMENT}</var>
<value>@{ITEM_LIST}</value>
<iter>
<var name="${INDEX}">0</var>
<var name="${ELEMENT}">เขียน Test Cases</var>
<kw name="Sleep" library="BuiltIn">
<arg>2s</arg>
<doc>Pauses the test executed for the given time.</doc>
<msg timestamp="20220722 00:09:51.498" level="INFO">Slept 2 seconds</msg>
<status status="PASS" starttime="20220722 00:09:49.493" endtime="20220722 00:09:51.498"/>
</kw>
<kw name="Input Text" library="Selenium2Library">
<arg>${new-task}</arg>
<arg>${ELEMENT}</arg>
<doc>Types the given ``text`` into the text field identified by ``locator``.</doc>
<msg timestamp="20220722 00:09:51.498" level="INFO">Typing text 'เขียน Test Cases' into text field '//input[@id="new-task"]'.</msg>
<status status="PASS" starttime="20220722 00:09:51.498" endtime="20220722 00:09:51.573"/>
</kw>
<kw name="Sleep" library="BuiltIn">
<arg>2s</arg>
<doc>Pauses the test executed for the given time.</doc>
<msg timestamp="20220722 00:09:53.575" level="INFO">Slept 2 seconds</msg>
<status status="PASS" starttime="20220722 00:09:51.573" endtime="20220722 00:09:53.575"/>
</kw>
<kw name="Click Button" library="Selenium2Library">
<arg>${AddItem_button}</arg>
<doc>Clicks the button identified by ``locator``.</doc>
<msg timestamp="20220722 00:09:53.575" level="INFO">Clicking button '//button[@class="mdl-button mdl-js-button mdl-button--fab mdl-button--mini-fab mdl-button--colored"]'.</msg>
<status status="PASS" starttime="20220722 00:09:53.575" endtime="20220722 00:09:53.618"/>
</kw>
<status status="PASS" starttime="20220722 00:09:49.493" endtime="20220722 00:09:53.618"/>
</iter>
<iter>
<var name="${INDEX}">1</var>
<var name="${ELEMENT}">ทานข้าวกลางวัน</var>
<kw name="Sleep" library="BuiltIn">
<arg>2s</arg>
<doc>Pauses the test executed for the given time.</doc>
<msg timestamp="20220722 00:09:55.621" level="INFO">Slept 2 seconds</msg>
<status status="PASS" starttime="20220722 00:09:53.619" endtime="20220722 00:09:55.621"/>
</kw>
<kw name="Input Text" library="Selenium2Library">
<arg>${new-task}</arg>
<arg>${ELEMENT}</arg>
<doc>Types the given ``text`` into the text field identified by ``locator``.</doc>
<msg timestamp="20220722 00:09:55.621" level="INFO">Typing text 'ทานข้าวกลางวัน' into text field '//input[@id="new-task"]'.</msg>
<status status="PASS" starttime="20220722 00:09:55.621" endtime="20220722 00:09:55.665"/>
</kw>
<kw name="Sleep" library="BuiltIn">
<arg>2s</arg>
<doc>Pauses the test executed for the given time.</doc>
<msg timestamp="20220722 00:09:57.681" level="INFO">Slept 2 seconds</msg>
<status status="PASS" starttime="20220722 00:09:55.665" endtime="20220722 00:09:57.681"/>
</kw>
<kw name="Click Button" library="Selenium2Library">
<arg>${AddItem_button}</arg>
<doc>Clicks the button identified by ``locator``.</doc>
<msg timestamp="20220722 00:09:57.681" level="INFO">Clicking button '//button[@class="mdl-button mdl-js-button mdl-button--fab mdl-button--mini-fab mdl-button--colored"]'.</msg>
<status status="PASS" starttime="20220722 00:09:57.681" endtime="20220722 00:09:57.715"/>
</kw>
<status status="PASS" starttime="20220722 00:09:53.618" endtime="20220722 00:09:57.715"/>
</iter>
<iter>
<var name="${INDEX}">2</var>
<var name="${ELEMENT}">ประชุมบ่าย</var>
<kw name="Sleep" library="BuiltIn">
<arg>2s</arg>
<doc>Pauses the test executed for the given time.</doc>
<msg timestamp="20220722 00:09:59.724" level="INFO">Slept 2 seconds</msg>
<status status="PASS" starttime="20220722 00:09:57.715" endtime="20220722 00:09:59.724"/>
</kw>
<kw name="Input Text" library="Selenium2Library">
<arg>${new-task}</arg>
<arg>${ELEMENT}</arg>
<doc>Types the given ``text`` into the text field identified by ``locator``.</doc>
<msg timestamp="20220722 00:09:59.724" level="INFO">Typing text 'ประชุมบ่าย' into text field '//input[@id="new-task"]'.</msg>
<status status="PASS" starttime="20220722 00:09:59.724" endtime="20220722 00:09:59.771"/>
</kw>
<kw name="Sleep" library="BuiltIn">
<arg>2s</arg>
<doc>Pauses the test executed for the given time.</doc>
<msg timestamp="20220722 00:10:01.785" level="INFO">Slept 2 seconds</msg>
<status status="PASS" starttime="20220722 00:09:59.771" endtime="20220722 00:10:01.785"/>
</kw>
<kw name="Click Button" library="Selenium2Library">
<arg>${AddItem_button}</arg>
<doc>Clicks the button identified by ``locator``.</doc>
<msg timestamp="20220722 00:10:01.785" level="INFO">Clicking button '//button[@class="mdl-button mdl-js-button mdl-button--fab mdl-button--mini-fab mdl-button--colored"]'.</msg>
<status status="PASS" starttime="20220722 00:10:01.785" endtime="20220722 00:10:01.813"/>
</kw>
<status status="PASS" starttime="20220722 00:09:57.715" endtime="20220722 00:10:01.814"/>
</iter>
<iter>
<var name="${INDEX}">3</var>
<var name="${ELEMENT}">เล่นเกม</var>
<kw name="Sleep" library="BuiltIn">
<arg>2s</arg>
<doc>Pauses the test executed for the given time.</doc>
<msg timestamp="20220722 00:10:03.830" level="INFO">Slept 2 seconds</msg>
<status status="PASS" starttime="20220722 00:10:01.814" endtime="20220722 00:10:03.830"/>
</kw>
<kw name="Input Text" library="Selenium2Library">
<arg>${new-task}</arg>
<arg>${ELEMENT}</arg>
<doc>Types the given ``text`` into the text field identified by ``locator``.</doc>
<msg timestamp="20220722 00:10:03.831" level="INFO">Typing text 'เล่นเกม' into text field '//input[@id="new-task"]'.</msg>
<status status="PASS" starttime="20220722 00:10:03.830" endtime="20220722 00:10:03.874"/>
</kw>
<kw name="Sleep" library="BuiltIn">
<arg>2s</arg>
<doc>Pauses the test executed for the given time.</doc>
<msg timestamp="20220722 00:10:05.875" level="INFO">Slept 2 seconds</msg>
<status status="PASS" starttime="20220722 00:10:03.874" endtime="20220722 00:10:05.875"/>
</kw>
<kw name="Click Button" library="Selenium2Library">
<arg>${AddItem_button}</arg>
<doc>Clicks the button identified by ``locator``.</doc>
<msg timestamp="20220722 00:10:05.875" level="INFO">Clicking button '//button[@class="mdl-button mdl-js-button mdl-button--fab mdl-button--mini-fab mdl-button--colored"]'.</msg>
<status status="PASS" starttime="20220722 00:10:05.875" endtime="20220722 00:10:05.905"/>
</kw>
<status status="PASS" starttime="20220722 00:10:01.814" endtime="20220722 00:10:05.905"/>
</iter>
<status status="PASS" starttime="20220722 00:09:49.493" endtime="20220722 00:10:05.905"/>
</for>
<status status="PASS" starttime="20220722 00:09:49.492" endtime="20220722 00:10:05.906"/>
</test>
<test id="s1-t4" name="4. Check To-Do-List Item in To-Do Tasks">
<kw name="Sleep" library="BuiltIn">
<arg>2s</arg>
<doc>Pauses the test executed for the given time.</doc>
<msg timestamp="20220722 00:10:07.920" level="INFO">Slept 2 seconds</msg>
<status status="PASS" starttime="20220722 00:10:05.907" endtime="20220722 00:10:07.920"/>
</kw>
<kw name="Click Element" library="Selenium2Library">
<arg>${To-Do-Tasks_tab}</arg>
<doc>Click the element identified by ``locator``.</doc>
<msg timestamp="20220722 00:10:07.921" level="INFO">Clicking element '//a[@href="#todo"]'.</msg>
<status status="PASS" starttime="20220722 00:10:07.921" endtime="20220722 00:10:07.949"/>
</kw>
<status status="PASS" starttime="20220722 00:10:05.907" endtime="20220722 00:10:07.949"/>
</test>
<test id="s1-t5" name="5. Delete Item in To-Do-List Tasks (ทานข้าวกลางวัน)">
<kw name="Sleep" library="BuiltIn">
<arg>2s</arg>
<doc>Pauses the test executed for the given time.</doc>
<msg timestamp="20220722 00:10:09.965" level="INFO">Slept 2 seconds</msg>
<status status="PASS" starttime="20220722 00:10:07.952" endtime="20220722 00:10:09.965"/>
</kw>
<kw name="Click Button" library="Selenium2Library">
<arg>${Delete-eatLunch_button}</arg>
<doc>Clicks the button identified by ``locator``.</doc>
<msg timestamp="20220722 00:10:09.966" level="INFO">Clicking button '//button[@id="2"]'.</msg>
<status status="PASS" starttime="20220722 00:10:09.966" endtime="20220722 00:10:10.010"/>
</kw>
<status status="PASS" starttime="20220722 00:10:07.951" endtime="20220722 00:10:10.011"/>
</test>
<test id="s1-t6" name="6. Click check box in To-Do-List Tasks (เขียน Test Cases &amp; เล่นเกม)">
<kw name="Sleep" library="BuiltIn">
<arg>2s</arg>
<doc>Pauses the test executed for the given time.</doc>
<msg timestamp="20220722 00:10:12.025" level="INFO">Slept 2 seconds</msg>
<status status="PASS" starttime="20220722 00:10:10.014" endtime="20220722 00:10:12.025"/>
</kw>
<kw name="Click Element" library="Selenium2Library">
<arg>${TestCase_checkbox}</arg>
<doc>Click the element identified by ``locator``.</doc>
<msg timestamp="20220722 00:10:12.026" level="INFO">Clicking element '//label[@for="1"]'.</msg>
<status status="PASS" starttime="20220722 00:10:12.026" endtime="20220722 00:10:12.060"/>
</kw>
<kw name="Sleep" library="BuiltIn">
<arg>2s</arg>
<doc>Pauses the test executed for the given time.</doc>
<msg timestamp="20220722 00:10:14.070" level="INFO">Slept 2 seconds</msg>
<status status="PASS" starttime="20220722 00:10:12.060" endtime="20220722 00:10:14.070"/>
</kw>
<kw name="Click Element" library="Selenium2Library">
<arg>${PlayGame_checkbox}</arg>
<doc>Click the element identified by ``locator``.</doc>
<msg timestamp="20220722 00:10:14.072" level="INFO">Clicking element '//label[@for="2"]'.</msg>
<status status="PASS" starttime="20220722 00:10:14.071" endtime="20220722 00:10:14.105"/>
</kw>
<status status="PASS" starttime="20220722 00:10:10.012" endtime="20220722 00:10:14.105"/>
</test>
<test id="s1-t7" name="7. Check To-Do Tasks in Completed">
<kw name="Sleep" library="BuiltIn">
<arg>2s</arg>
<doc>Pauses the test executed for the given time.</doc>
<msg timestamp="20220722 00:10:16.115" level="INFO">Slept 2 seconds</msg>
<status status="PASS" starttime="20220722 00:10:14.107" endtime="20220722 00:10:16.115"/>
</kw>
<kw name="Click Element" library="Selenium2Library">
<arg>${Completed_tab}</arg>
<doc>Click the element identified by ``locator``.</doc>
<msg timestamp="20220722 00:10:16.116" level="INFO">Clicking element '//a[@href="#completed"]'.</msg>
<status status="PASS" starttime="20220722 00:10:16.115" endtime="20220722 00:10:16.144"/>
</kw>
<status status="PASS" starttime="20220722 00:10:14.107" endtime="20220722 00:10:16.145"/>
</test>
<test id="s1-t8" name="8. Delete To-Do Tasks in Completed (เขียน Test Cases)">
<kw name="Sleep" library="BuiltIn">
<arg>2s</arg>
<doc>Pauses the test executed for the given time.</doc>
<msg timestamp="20220722 00:10:18.160" level="INFO">Slept 2 seconds</msg>
<status status="PASS" starttime="20220722 00:10:16.148" endtime="20220722 00:10:18.160"/>
</kw>
<kw name="Click Button" library="Selenium2Library">
<arg>${Delete-TestCase-Completed_tab}</arg>
<doc>Clicks the button identified by ``locator``.</doc>
<msg timestamp="20220722 00:10:18.161" level="INFO">Clicking button '//button[@id="1"]'.</msg>
<msg timestamp="20220722 00:10:18.292" level="INFO" html="true">&lt;/td&gt;&lt;/tr&gt;&lt;tr&gt;&lt;td colspan="3"&gt;&lt;a href="selenium-screenshot-1.png"&gt;&lt;img src="selenium-screenshot-1.png" width="800px"&gt;&lt;/a&gt;</msg>
<msg timestamp="20220722 00:10:18.294" level="FAIL">ElementNotInteractableException: Message: element not interactable
  (Session info: chrome=103.0.5060.114)
Stacktrace:
Backtrace:
	Ordinal0 [0x00EF5FD3+2187219]
	Ordinal0 [0x00E8E6D1+1763025]
	Ordinal0 [0x00DA3D40+802112]
	Ordinal0 [0x00DD2C03+994307]
	Ordinal0 [0x00DC89B3+952755]
	Ordinal0 [0x00DECB8C+1100684]
	Ordinal0 [0x00DC8394+951188]
	Ordinal0 [0x00DECDA4+1101220]
	Ordinal0 [0x00DFCFC2+1167298]
	Ordinal0 [0x00DEC9A6+1100198]
	Ordinal0 [0x00DC6F80+946048]
	Ordinal0 [0x00DC7E76+949878]
	GetHandleVerifier [0x011990C2+2721218]
	GetHandleVerifier [0x0118AAF0+2662384]
	GetHandleVerifier [0x00F8137A+526458]
	GetHandleVerifier [0x00F80416+522518]
	Ordinal0 [0x00E94EAB+1789611]
	Ordinal0 [0x00E997A8+1808296]
	Ordinal0 [0x00E99895+1808533]
	Ordinal0 [0x00EA26C1+1844929]
	BaseThreadInitThunk [0x774CFA29+25]
	RtlGetAppContainerNamedObjectPath [0x77B77A9E+286]
	RtlGetAppContainerNamedObjectPath [0x77B77A6E+238]
</msg>
<status status="FAIL" starttime="20220722 00:10:18.161" endtime="20220722 00:10:18.294"/>
</kw>
<status status="FAIL" starttime="20220722 00:10:16.146" endtime="20220722 00:10:18.295">ElementNotInteractableException: Message: element not interactable
  (Session info: chrome=103.0.5060.114)
Stacktrace:
Backtrace:
	Ordinal0 [0x00EF5FD3+2187219]
	Ordinal0 [0x00E8E6D1+1763025]
	Ordinal0 [0x00DA3D40+802112]
	Ordinal0 [0x00DD2C03+994307]
	Ordinal0 [0x00DC89B3+952755]
	Ordinal0 [0x00DECB8C+1100684]
	Ordinal0 [0x00DC8394+951188]
	Ordinal0 [0x00DECDA4+1101220]
	Ordinal0 [0x00DFCFC2+1167298]
	Ordinal0 [0x00DEC9A6+1100198]
	Ordinal0 [0x00DC6F80+946048]
	Ordinal0 [0x00DC7E76+949878]
	GetHandleVerifier [0x011990C2+2721218]
	GetHandleVerifier [0x0118AAF0+2662384]
	GetHandleVerifier [0x00F8137A+526458]
	GetHandleVerifier [0x00F80416+522518]
	Ordinal0 [0x00E94EAB+1789611]
	Ordinal0 [0x00E997A8+1808296]
	Ordinal0 [0x00E99895+1808533]
	Ordinal0 [0x00EA26C1+1844929]
	BaseThreadInitThunk [0x774CFA29+25]
	RtlGetAppContainerNamedObjectPath [0x77B77A9E+286]
	RtlGetAppContainerNamedObjectPath [0x77B77A6E+238]
</status>
</test>
<test id="s1-t9" name="9. Close To-Do-List Website">
<status status="FAIL" starttime="20220722 00:10:18.301" endtime="20220722 00:10:18.302">Test case contains no keywords.</status>
</test>
<status status="FAIL" starttime="20220722 00:09:41.197" endtime="20220722 00:10:18.304"/>
</suite>
<statistics>
<total>
<stat pass="7" fail="2" skip="0">All Tests</stat>
</total>
<tag>
</tag>
<suite>
<stat pass="7" fail="2" skip="0" id="s1" name="Robot Test">Robot Test</stat>
</suite>
</statistics>
<errors>
</errors>
</robot>
